<?xml version="1.0" encoding="UTF-8"?>
<!-- Generated by org.testng.reporters.JUnitXMLReporter -->
<testsuite ignored="2" hostname="BCP-ATLT1736" failures="1" tests="4" name="Personal Loan" time="0.018" errors="0" timestamp="2022-09-12T14:21:34 IST">
  <testcase classname="com.loan.terstcases.PropertyLoan" name="apiPropertyLoan" time="0.001"/>
  <testcase classname="com.loan.terstcases.PropertyLoan" name="mobilePagePropertyLoan" time="0.001"/>
  <testcase classname="com.loan.terstcases.PersonalLoan" name="apiPersonalLoan" time="0.002"/>
  <testcase classname="com.loan.terstcases.PersonalLoan" name="mobilePagePersonalLoan" time="0.0">
    <failure type="org.testng.TestNGException" message="
Parameter &amp;apos;URL&amp;apos; is required by @Test on method mobilePagePersonalLoan but has not been marked @Optional or defined
in D:\trainingWorkspace\TestNGDemo\testng2.xml">
      <![CDATA[org.testng.TestNGException: 
Parameter 'URL' is required by @Test on method mobilePagePersonalLoan but has not been marked @Optional or defined
in D:\trainingWorkspace\TestNGDemo\testng2.xml
at java.base/java.util.ArrayList.forEach(ArrayList.java:1511)
... Removed 26 stack frames]]>
    </failure>
  </testcase> <!-- mobilePagePersonalLoan -->
  <testcase classname="com.loan.terstcases.PersonalLoan" name="webPagePersonalLoan" time="0.0">
    <ignored/>
  </testcase> <!-- webPagePersonalLoan -->
  <testcase classname="com.loan.terstcases.PropertyLoan" name="webPagePropertyLoan" time="0.0">
    <ignored/>
  </testcase> <!-- webPagePropertyLoan -->
</testsuite> <!-- Personal Loan -->
